# JRE version: OpenJDK Runtime Environment (8.0_152-b06) (build 1.8.0_152-release-1136-b06)
# Java VM: OpenJDK 64-Bit Server VM (25.152-b06 mixed mode windows-amd64 compressed oops)
Heap:
 PSYoungGen      total 408064K, used 258710K [0x00000000e0000000, 0x0000000100000000, 0x0000000100000000)
  eden space 310784K, 80% used [0x00000000e0000000,0x00000000ef2e9798,0x00000000f2f80000)
  from space 97280K, 10% used [0x00000000f2f80000,0x00000000f393c330,0x00000000f8e80000)
  to   space 92672K, 0% used [0x00000000fa580000,0x00000000fa580000,0x0000000100000000)
 ParOldGen       total 301056K, used 177268K [0x00000000a0000000, 0x00000000b2600000, 0x00000000e0000000)
  object space 301056K, 58% used [0x00000000a0000000,0x00000000aad1d070,0x00000000b2600000)
 Metaspace       used 190432K, capacity 198312K, committed 198704K, reserved 1224704K
  class space    used 21839K, capacity 23266K, committed 23344K, reserved 1048576K
GC Heap History (10 events):
Event: 5797.936 GC heap before
{Heap before GC invocations=93 (full 6):
 PSYoungGen      total 410624K, used 331812K [0x00000000e0000000, 0x00000000ff400000, 0x0000000100000000)
  eden space 325632K, 100% used [0x00000000e0000000,0x00000000f3e00000,0x00000000f3e00000)
  from space 84992K, 7% used [0x00000000fa100000,0x00000000fa709270,0x00000000ff400000)
  to   space 93184K, 0% used [0x00000000f3e00000,0x00000000f3e00000,0x00000000f9900000)
 ParOldGen       total 301056K, used 173985K [0x00000000a0000000, 0x00000000b2600000, 0x00000000e0000000)
  object space 301056K, 57% used [0x00000000a0000000,0x00000000aa9e86e8,0x00000000b2600000)
 Metaspace       used 181836K, capacity 189630K, committed 189872K, reserved 1216512K
  class space    used 20947K, capacity 22337K, committed 22448K, reserved 1048576K
Event: 5797.942 GC heap after
Heap after GC invocations=93 (full 6):
 PSYoungGen      total 418816K, used 3292K [0x00000000e0000000, 0x0000000100000000, 0x0000000100000000)
  eden space 325632K, 0% used [0x00000000e0000000,0x00000000e0000000,0x00000000f3e00000)
  from space 93184K, 3% used [0x00000000f3e00000,0x00000000f4137140,0x00000000f9900000)
  to   space 89600K, 0% used [0x00000000fa880000,0x00000000fa880000,0x0000000100000000)
 ParOldGen       total 301056K, used 173993K [0x00000000a0000000, 0x00000000b2600000, 0x00000000e0000000)
  object space 301056K, 57% used [0x00000000a0000000,0x00000000aa9ea6e8,0x00000000b2600000)
 Metaspace       used 181836K, capacity 189630K, committed 189872K, reserved 1216512K
  class space    used 20947K, capacity 22337K, committed 22448K, reserved 1048576K
}
Event: 5799.726 GC heap before
{Heap before GC invocations=94 (full 6):
 PSYoungGen      total 418816K, used 328924K [0x00000000e0000000, 0x0000000100000000, 0x0000000100000000)
  eden space 325632K, 100% used [0x00000000e0000000,0x00000000f3e00000,0x00000000f3e00000)
  from space 93184K, 3% used [0x00000000f3e00000,0x00000000f4137140,0x00000000f9900000)
  to   space 89600K, 0% used [0x00000000fa880000,0x00000000fa880000,0x0000000100000000)
 ParOldGen       total 301056K, used 173993K [0x00000000a0000000, 0x00000000b2600000, 0x00000000e0000000)
  object space 301056K, 57% used [0x00000000a0000000,0x00000000aa9ea6e8,0x00000000b2600000)
 Metaspace       used 186054K, capacity 193874K, committed 194096K, reserved 1220608K
  class space    used 21379K, capacity 22779K, committed 22832K, reserved 1048576K
Event: 5799.775 GC heap after
Heap after GC invocations=94 (full 6):
 PSYoungGen      total 395776K, used 89595K [0x00000000e0000000, 0x0000000100000000, 0x0000000100000000)
  eden space 306176K, 0% used [0x00000000e0000000,0x00000000e0000000,0x00000000f2b00000)
  from space 89600K, 99% used [0x00000000fa880000,0x00000000ffffec28,0x0000000100000000)
  to   space 109056K, 0% used [0x00000000f2b00000,0x00000000f2b00000,0x00000000f9580000)
 ParOldGen       total 301056K, used 176558K [0x00000000a0000000, 0x00000000b2600000, 0x00000000e0000000)
  object space 301056K, 58% used [0x00000000a0000000,0x00000000aac6b830,0x00000000b2600000)
 Metaspace       used 186054K, capacity 193874K, committed 194096K, reserved 1220608K
  class space    used 21379K, capacity 22779K, committed 22832K, reserved 1048576K
}
Event: 5800.367 GC heap before
{Heap before GC invocations=95 (full 6):
 PSYoungGen      total 395776K, used 395260K [0x00000000e0000000, 0x0000000100000000, 0x0000000100000000)
  eden space 306176K, 99% used [0x00000000e0000000,0x00000000f2a805d0,0x00000000f2b00000)
  from space 89600K, 99% used [0x00000000fa880000,0x00000000ffffec28,0x0000000100000000)
  to   space 109056K, 0% used [0x00000000f2b00000,0x00000000f2b00000,0x00000000f9580000)
 ParOldGen       total 301056K, used 176558K [0x00000000a0000000, 0x00000000b2600000, 0x00000000e0000000)
  object space 301056K, 58% used [0x00000000a0000000,0x00000000aac6b830,0x00000000b2600000)
 Metaspace       used 186063K, capacity 193874K, committed 194096K, reserved 1220608K
  class space    used 21379K, capacity 22779K, committed 22832K, reserved 1048576K
Event: 5800.376 GC heap after
Heap after GC invocations=95 (full 6):
 PSYoungGen      total 415232K, used 7254K [0x00000000e0000000, 0x0000000100000000, 0x0000000100000000)
  eden space 306176K, 0% used [0x00000000e0000000,0x00000000e0000000,0x00000000f2b00000)
  from space 109056K, 6% used [0x00000000f2b00000,0x00000000f3215b90,0x00000000f9580000)
  to   space 104448K, 0% used [0x00000000f9a00000,0x00000000f9a00000,0x0000000100000000)
 ParOldGen       total 301056K, used 176635K [0x00000000a0000000, 0x00000000b2600000, 0x00000000e0000000)
  object space 301056K, 58% used [0x00000000a0000000,0x00000000aac7ec40,0x00000000b2600000)
 Metaspace       used 186063K, capacity 193874K, committed 194096K, reserved 1220608K
  class space    used 21379K, capacity 22779K, committed 22832K, reserved 1048576K
}
Event: 14027.807 GC heap before
{Heap before GC invocations=96 (full 6):
 PSYoungGen      total 415232K, used 313430K [0x00000000e0000000, 0x0000000100000000, 0x0000000100000000)
  eden space 306176K, 100% used [0x00000000e0000000,0x00000000f2b00000,0x00000000f2b00000)
  from space 109056K, 6% used [0x00000000f2b00000,0x00000000f3215b90,0x00000000f9580000)
  to   space 104448K, 0% used [0x00000000f9a00000,0x00000000f9a00000,0x0000000100000000)
 ParOldGen       total 301056K, used 176635K [0x00000000a0000000, 0x00000000b2600000, 0x00000000e0000000)
  object space 301056K, 58% used [0x00000000a0000000,0x00000000aac7ec40,0x00000000b2600000)
 Metaspace       used 187361K, capacity 195236K, committed 195632K, reserved 1222656K
  class space    used 21526K, capacity 22970K, committed 23088K, reserved 1048576K
Event: 14027.830 GC heap after
Heap after GC invocations=96 (full 6):
 PSYoungGen      total 396288K, used 26868K [0x00000000e0000000, 0x00000000fed80000, 0x0000000100000000)
  eden space 310784K, 0% used [0x00000000e0000000,0x00000000e0000000,0x00000000f2f80000)
  from space 85504K, 31% used [0x00000000f9a00000,0x00000000fb43d088,0x00000000fed80000)
  to   space 97280K, 0% used [0x00000000f2f80000,0x00000000f2f80000,0x00000000f8e80000)
 ParOldGen       total 301056K, used 177244K [0x00000000a0000000, 0x00000000b2600000, 0x00000000e0000000)
  object space 301056K, 58% used [0x00000000a0000000,0x00000000aad17070,0x00000000b2600000)
 Metaspace       used 187361K, capacity 195236K, committed 195632K, reserved 1222656K
  class space    used 21526K, capacity 22970K, committed 23088K, reserved 1048576K
}
Event: 14029.035 GC heap before
{Heap before GC invocations=97 (full 6):
 PSYoungGen      total 396288K, used 337636K [0x00000000e0000000, 0x00000000fed80000, 0x0000000100000000)
  eden space 310784K, 99% used [0x00000000e0000000,0x00000000f2f7c278,0x00000000f2f80000)
  from space 85504K, 31% used [0x00000000f9a00000,0x00000000fb43d088,0x00000000fed80000)
  to   space 97280K, 0% used [0x00000000f2f80000,0x00000000f2f80000,0x00000000f8e80000)
 ParOldGen       total 301056K, used 177244K [0x00000000a0000000, 0x00000000b2600000, 0x00000000e0000000)
  object space 301056K, 58% used [0x00000000a0000000,0x00000000aad17070,0x00000000b2600000)
 Metaspace       used 190432K, capacity 198312K, committed 198704K, reserved 1224704K
  class space    used 21839K, capacity 23266K, committed 23344K, reserved 1048576K
Event: 14029.044 GC heap after
Heap after GC invocations=97 (full 6):
 PSYoungGen      total 408064K, used 9968K [0x00000000e0000000, 0x0000000100000000, 0x0000000100000000)
  eden space 310784K, 0% used [0x00000000e0000000,0x00000000e0000000,0x00000000f2f80000)
  from space 97280K, 10% used [0x00000000f2f80000,0x00000000f393c330,0x00000000f8e80000)
  to   space 92672K, 0% used [0x00000000fa580000,0x00000000fa580000,0x0000000100000000)
 ParOldGen       total 301056K, used 177268K [0x00000000a0000000, 0x00000000b2600000, 0x00000000e0000000)
  object space 301056K, 58% used [0x00000000a0000000,0x00000000aad1d070,0x00000000b2600000)
 Metaspace       used 190432K, capacity 198312K, committed 198704K, reserved 1224704K
  class space    used 21839K, capacity 23266K, committed 23344K, reserved 1048576K
}

